INFO [2021-03-10 20:16:20] $x
INFO [2021-03-10 20:16:20] list(Mortality, PI, GC)
INFO [2021-03-10 20:16:20] 
INFO [2021-03-10 20:16:20] $category.names
INFO [2021-03-10 20:16:20] c("Mortality", "Cell death", "Growth")
INFO [2021-03-10 20:16:20] 
INFO [2021-03-10 20:16:20] $filename
INFO [2021-03-10 20:16:20] [1] "Genetic_pairs_analysis_Oct_2020/figures/convergence_venn_diagramm.png"
INFO [2021-03-10 20:16:20] 
INFO [2021-03-10 20:16:20] $output
INFO [2021-03-10 20:16:20] [1] TRUE
INFO [2021-03-10 20:16:20] 
INFO [2021-03-10 20:16:20] $imagetype
INFO [2021-03-10 20:16:20] [1] "png"
INFO [2021-03-10 20:16:20] 
INFO [2021-03-10 20:16:20] $height
INFO [2021-03-10 20:16:20] [1] 480
INFO [2021-03-10 20:16:20] 
INFO [2021-03-10 20:16:20] $width
INFO [2021-03-10 20:16:20] [1] 480
INFO [2021-03-10 20:16:20] 
INFO [2021-03-10 20:16:20] $resolution
INFO [2021-03-10 20:16:20] [1] 300
INFO [2021-03-10 20:16:20] 
INFO [2021-03-10 20:16:20] $compression
INFO [2021-03-10 20:16:20] [1] "lzw"
INFO [2021-03-10 20:16:20] 
INFO [2021-03-10 20:16:20] $lwd
INFO [2021-03-10 20:16:20] [1] 2
INFO [2021-03-10 20:16:20] 
INFO [2021-03-10 20:16:20] $lty
INFO [2021-03-10 20:16:20] [1] "blank"
INFO [2021-03-10 20:16:20] 
INFO [2021-03-10 20:16:20] $fill
INFO [2021-03-10 20:16:20] myCol
INFO [2021-03-10 20:16:20] 
INFO [2021-03-10 20:16:20] $cex
INFO [2021-03-10 20:16:20] [1] 0.6
INFO [2021-03-10 20:16:20] 
INFO [2021-03-10 20:16:20] $fontface
INFO [2021-03-10 20:16:20] [1] "bold"
INFO [2021-03-10 20:16:20] 
INFO [2021-03-10 20:16:20] $fontfamily
INFO [2021-03-10 20:16:20] [1] "sans"
INFO [2021-03-10 20:16:20] 
INFO [2021-03-10 20:16:20] $cat.cex
INFO [2021-03-10 20:16:20] [1] 0.6
INFO [2021-03-10 20:16:20] 
INFO [2021-03-10 20:16:20] $cat.fontface
INFO [2021-03-10 20:16:20] [1] "bold"
INFO [2021-03-10 20:16:20] 
INFO [2021-03-10 20:16:20] $cat.default.pos
INFO [2021-03-10 20:16:20] [1] "outer"
INFO [2021-03-10 20:16:20] 
INFO [2021-03-10 20:16:20] $cat.pos
INFO [2021-03-10 20:16:20] c(-27, 27, 135)
INFO [2021-03-10 20:16:20] 
INFO [2021-03-10 20:16:20] $cat.dist
INFO [2021-03-10 20:16:20] c(0.055, 0.055, 0.085)
INFO [2021-03-10 20:16:20] 
INFO [2021-03-10 20:16:20] $cat.fontfamily
INFO [2021-03-10 20:16:20] [1] "sans"
INFO [2021-03-10 20:16:20] 
INFO [2021-03-10 20:16:20] $rotation
INFO [2021-03-10 20:16:20] [1] 1
INFO [2021-03-10 20:16:20] 
