INFO [2021-03-11 12:00:36] $x
INFO [2021-03-11 12:00:36] list(Mortality, PI, GC)
INFO [2021-03-11 12:00:36] 
INFO [2021-03-11 12:00:36] $category.names
INFO [2021-03-11 12:00:36] c("Mortality", "Cell death", "Growth")
INFO [2021-03-11 12:00:36] 
INFO [2021-03-11 12:00:36] $filename
INFO [2021-03-11 12:00:36] [1] "Genetic_pairs_analysis_Oct_2020/figures/convergence_venn_diagramm.png"
INFO [2021-03-11 12:00:36] 
INFO [2021-03-11 12:00:36] $output
INFO [2021-03-11 12:00:36] [1] TRUE
INFO [2021-03-11 12:00:36] 
INFO [2021-03-11 12:00:36] $imagetype
INFO [2021-03-11 12:00:36] [1] "png"
INFO [2021-03-11 12:00:36] 
INFO [2021-03-11 12:00:36] $height
INFO [2021-03-11 12:00:36] [1] 480
INFO [2021-03-11 12:00:36] 
INFO [2021-03-11 12:00:36] $width
INFO [2021-03-11 12:00:36] [1] 480
INFO [2021-03-11 12:00:36] 
INFO [2021-03-11 12:00:36] $resolution
INFO [2021-03-11 12:00:36] [1] 300
INFO [2021-03-11 12:00:36] 
INFO [2021-03-11 12:00:36] $compression
INFO [2021-03-11 12:00:36] [1] "lzw"
INFO [2021-03-11 12:00:36] 
INFO [2021-03-11 12:00:36] $lwd
INFO [2021-03-11 12:00:36] [1] 2
INFO [2021-03-11 12:00:36] 
INFO [2021-03-11 12:00:36] $lty
INFO [2021-03-11 12:00:36] [1] "blank"
INFO [2021-03-11 12:00:36] 
INFO [2021-03-11 12:00:36] $fill
INFO [2021-03-11 12:00:36] myCol
INFO [2021-03-11 12:00:36] 
INFO [2021-03-11 12:00:36] $cex
INFO [2021-03-11 12:00:36] [1] 0.6
INFO [2021-03-11 12:00:36] 
INFO [2021-03-11 12:00:36] $fontface
INFO [2021-03-11 12:00:36] [1] "bold"
INFO [2021-03-11 12:00:36] 
INFO [2021-03-11 12:00:36] $fontfamily
INFO [2021-03-11 12:00:36] [1] "sans"
INFO [2021-03-11 12:00:36] 
INFO [2021-03-11 12:00:36] $cat.cex
INFO [2021-03-11 12:00:36] [1] 0.6
INFO [2021-03-11 12:00:36] 
INFO [2021-03-11 12:00:36] $cat.fontface
INFO [2021-03-11 12:00:36] [1] "bold"
INFO [2021-03-11 12:00:36] 
INFO [2021-03-11 12:00:36] $cat.default.pos
INFO [2021-03-11 12:00:36] [1] "outer"
INFO [2021-03-11 12:00:36] 
INFO [2021-03-11 12:00:36] $cat.pos
INFO [2021-03-11 12:00:36] c(-27, 27, 135)
INFO [2021-03-11 12:00:36] 
INFO [2021-03-11 12:00:36] $cat.dist
INFO [2021-03-11 12:00:36] c(0.055, 0.055, 0.085)
INFO [2021-03-11 12:00:36] 
INFO [2021-03-11 12:00:36] $cat.fontfamily
INFO [2021-03-11 12:00:36] [1] "sans"
INFO [2021-03-11 12:00:36] 
INFO [2021-03-11 12:00:36] $rotation
INFO [2021-03-11 12:00:36] [1] 1
INFO [2021-03-11 12:00:36] 
